# JRE version: Java(TM) SE Runtime Environment (17.0.1+12) (build 17.0.1+12-LTS-39)
# Java VM: Java HotSpot(TM) 64-Bit Server VM (17.0.1+12-LTS-39, mixed mode, sharing, tiered, compressed oops, compressed class ptrs, g1 gc, windows-amd64)
GC Precious Log:
 CPUs: 12 total, 12 available
 Memory: 16175M
 Large Page Support: Disabled
 NUMA Support: Disabled
 Compressed Oops: Enabled (Zero based)
 Heap Region Size: 2M
 Heap Min Capacity: 8M
 Heap Initial Capacity: 254M
 Heap Max Capacity: 4044M
 Pre-touch: Disabled
 Parallel Workers: 10
 Concurrent Workers: 3
 Concurrent Refinement Workers: 10
 Periodic GC: Disabled
Heap:
 garbage-first heap   total 1232896K, used 158839K [0x0000000703400000, 0x0000000800000000)
  region size 2048K, 1 young (2048K), 1 survivors (2048K)
 Metaspace       used 76686K, committed 78144K, reserved 1163264K
  class space    used 8997K, committed 9984K, reserved 1048576K
GC Heap History (20 events):
Event: 90.532 GC heap after
{Heap after GC invocations=108 (full 0):
 garbage-first heap   total 638976K, used 283829K [0x0000000703400000, 0x0000000800000000)
  region size 2048K, 7 young (14336K), 7 survivors (14336K)
 Metaspace       used 76341K, committed 79680K, reserved 1163264K
  class space    used 8961K, committed 10112K, reserved 1048576K
}
Event: 90.563 GC heap before
{Heap before GC invocations=108 (full 0):
 garbage-first heap   total 638976K, used 300213K [0x0000000703400000, 0x0000000800000000)
  region size 2048K, 15 young (30720K), 7 survivors (14336K)
 Metaspace       used 76341K, committed 79680K, reserved 1163264K
  class space    used 8961K, committed 10112K, reserved 1048576K
}
Event: 90.570 GC heap after
{Heap after GC invocations=109 (full 0):
 garbage-first heap   total 638976K, used 215332K [0x0000000703400000, 0x0000000800000000)
  region size 2048K, 2 young (4096K), 2 survivors (4096K)
 Metaspace       used 76341K, committed 79680K, reserved 1163264K
  class space    used 8961K, committed 10112K, reserved 1048576K
}
Event: 90.628 GC heap before
{Heap before GC invocations=109 (full 0):
 garbage-first heap   total 638976K, used 241956K [0x0000000703400000, 0x0000000800000000)
  region size 2048K, 15 young (30720K), 2 survivors (4096K)
 Metaspace       used 76347K, committed 79680K, reserved 1163264K
  class space    used 8961K, committed 10112K, reserved 1048576K
}
Event: 90.638 GC heap after
{Heap after GC invocations=110 (full 0):
 garbage-first heap   total 638976K, used 155588K [0x0000000703400000, 0x0000000800000000)
  region size 2048K, 2 young (4096K), 2 survivors (4096K)
 Metaspace       used 76347K, committed 79680K, reserved 1163264K
  class space    used 8961K, committed 10112K, reserved 1048576K
}
Event: 90.700 GC heap before
{Heap before GC invocations=110 (full 0):
 garbage-first heap   total 638976K, used 182212K [0x0000000703400000, 0x0000000800000000)
  region size 2048K, 15 young (30720K), 2 survivors (4096K)
 Metaspace       used 76356K, committed 79680K, reserved 1163264K
  class space    used 8961K, committed 10112K, reserved 1048576K
}
Event: 90.702 GC heap after
{Heap after GC invocations=111 (full 0):
 garbage-first heap   total 638976K, used 153102K [0x0000000703400000, 0x0000000800000000)
  region size 2048K, 2 young (4096K), 2 survivors (4096K)
 Metaspace       used 76356K, committed 79680K, reserved 1163264K
  class space    used 8961K, committed 10112K, reserved 1048576K
}
Event: 91.945 GC heap before
{Heap before GC invocations=111 (full 0):
 garbage-first heap   total 638976K, used 478734K [0x0000000703400000, 0x0000000800000000)
  region size 2048K, 161 young (329728K), 2 survivors (4096K)
 Metaspace       used 76461K, committed 79680K, reserved 1163264K
  class space    used 8970K, committed 10112K, reserved 1048576K
}
Event: 92.602 GC heap after
{Heap after GC invocations=112 (full 0):
 garbage-first heap   total 1232896K, used 165102K [0x0000000703400000, 0x0000000800000000)
  region size 2048K, 6 young (12288K), 6 survivors (12288K)
 Metaspace       used 76461K, committed 79680K, reserved 1163264K
  class space    used 8970K, committed 10112K, reserved 1048576K
}
Event: 92.703 GC heap before
{Heap before GC invocations=112 (full 0):
 garbage-first heap   total 649216K, used 208110K [0x0000000703400000, 0x0000000800000000)
  region size 2048K, 30 young (61440K), 6 survivors (12288K)
 Metaspace       used 74849K, committed 78144K, reserved 1163264K
  class space    used 8785K, committed 9984K, reserved 1048576K
}
Event: 92.709 GC heap after
{Heap after GC invocations=113 (full 0):
 garbage-first heap   total 649216K, used 163972K [0x0000000703400000, 0x0000000800000000)
  region size 2048K, 2 young (4096K), 2 survivors (4096K)
 Metaspace       used 74849K, committed 78144K, reserved 1163264K
  class space    used 8785K, committed 9984K, reserved 1048576K
}
Event: 92.714 GC heap before
{Heap before GC invocations=113 (full 0):
 garbage-first heap   total 649216K, used 188548K [0x0000000703400000, 0x0000000800000000)
  region size 2048K, 15 young (30720K), 2 survivors (4096K)
 Metaspace       used 74849K, committed 78144K, reserved 1163264K
  class space    used 8785K, committed 9984K, reserved 1048576K
}
Event: 92.716 GC heap after
{Heap after GC invocations=114 (full 0):
 garbage-first heap   total 649216K, used 164056K [0x0000000703400000, 0x0000000800000000)
  region size 2048K, 1 young (2048K), 1 survivors (2048K)
 Metaspace       used 74849K, committed 78144K, reserved 1163264K
  class space    used 8785K, committed 9984K, reserved 1048576K
}
Event: 92.721 GC heap before
{Heap before GC invocations=114 (full 0):
 garbage-first heap   total 649216K, used 190680K [0x0000000703400000, 0x0000000800000000)
  region size 2048K, 15 young (30720K), 1 survivors (2048K)
 Metaspace       used 74849K, committed 78144K, reserved 1163264K
  class space    used 8785K, committed 9984K, reserved 1048576K
}
Event: 92.723 GC heap after
{Heap after GC invocations=115 (full 0):
 garbage-first heap   total 649216K, used 164074K [0x0000000703400000, 0x0000000800000000)
  region size 2048K, 1 young (2048K), 1 survivors (2048K)
 Metaspace       used 74849K, committed 78144K, reserved 1163264K
  class space    used 8785K, committed 9984K, reserved 1048576K
}
Event: 93.583 GC heap before
{Heap before GC invocations=116 (full 0):
 garbage-first heap   total 649216K, used 495850K [0x0000000703400000, 0x0000000800000000)
  region size 2048K, 164 young (335872K), 1 survivors (2048K)
 Metaspace       used 76686K, committed 78144K, reserved 1163264K
  class space    used 8997K, committed 9984K, reserved 1048576K
}
Event: 93.587 GC heap after
{Heap after GC invocations=117 (full 0):
 garbage-first heap   total 649216K, used 170779K [0x0000000703400000, 0x0000000800000000)
  region size 2048K, 4 young (8192K), 4 survivors (8192K)
 Metaspace       used 76686K, committed 78144K, reserved 1163264K
  class space    used 8997K, committed 9984K, reserved 1048576K
}
Event: 93.591 GC heap before
{Heap before GC invocations=117 (full 0):
 garbage-first heap   total 649216K, used 191259K [0x0000000703400000, 0x0000000800000000)
  region size 2048K, 15 young (30720K), 4 survivors (8192K)
 Metaspace       used 76686K, committed 78144K, reserved 1163264K
  class space    used 8997K, committed 9984K, reserved 1048576K
}
Event: 93.596 GC heap after
{Heap after GC invocations=118 (full 0):
 garbage-first heap   total 649216K, used 157521K [0x0000000703400000, 0x0000000800000000)
  region size 2048K, 1 young (2048K), 1 survivors (2048K)
 Metaspace       used 76686K, committed 78144K, reserved 1163264K
  class space    used 8997K, committed 9984K, reserved 1048576K
}
Event: 93.888 GC heap before
{Heap before GC invocations=118 (full 0):
 garbage-first heap   total 649216K, used 507729K [0x0000000703400000, 0x0000000800000000)
  region size 2048K, 173 young (354304K), 1 survivors (2048K)
 Metaspace       used 76686K, committed 78144K, reserved 1163264K
  class space    used 8997K, committed 9984K, reserved 1048576K
}

