# JRE version: Java(TM) SE Runtime Environment (17.0.1+12) (build 17.0.1+12-LTS-39)
# Java VM: Java HotSpot(TM) 64-Bit Server VM (17.0.1+12-LTS-39, mixed mode, sharing, tiered, compressed oops, compressed class ptrs, g1 gc, windows-amd64)
GC Precious Log:
 CPUs: 12 total, 12 available
 Memory: 16175M
 Large Page Support: Disabled
 NUMA Support: Disabled
 Compressed Oops: Enabled (Zero based)
 Heap Region Size: 2M
 Heap Min Capacity: 8M
 Heap Initial Capacity: 254M
 Heap Max Capacity: 4044M
 Pre-touch: Disabled
 Parallel Workers: 10
 Concurrent Workers: 3
 Concurrent Refinement Workers: 10
 Periodic GC: Disabled
Heap:
 garbage-first heap   total 600064K, used 133463K [0x0000000703400000, 0x0000000800000000)
  region size 2048K, 1 young (2048K), 1 survivors (2048K)
 Metaspace       used 56851K, committed 61056K, reserved 1138688K
  class space    used 6520K, committed 7680K, reserved 1048576K
GC Heap History (20 events):
Event: 216.252 GC heap after
{Heap after GC invocations=79 (full 0):
 garbage-first heap   total 477184K, used 275350K [0x0000000703400000, 0x0000000800000000)
  region size 2048K, 6 young (12288K), 6 survivors (12288K)
 Metaspace       used 91592K, committed 92608K, reserved 1138688K
  class space    used 10395K, committed 10880K, reserved 1048576K
}
Event: 217.542 GC heap before
{Heap before GC invocations=79 (full 0):
 garbage-first heap   total 477184K, used 402326K [0x0000000703400000, 0x0000000800000000)
  region size 2048K, 68 young (139264K), 6 survivors (12288K)
 Metaspace       used 91768K, committed 92800K, reserved 1138688K
  class space    used 10409K, committed 10944K, reserved 1048576K
}
Event: 217.556 GC heap after
{Heap after GC invocations=80 (full 0):
 garbage-first heap   total 477184K, used 279239K [0x0000000703400000, 0x0000000800000000)
  region size 2048K, 6 young (12288K), 6 survivors (12288K)
 Metaspace       used 91768K, committed 92800K, reserved 1138688K
  class space    used 10409K, committed 10944K, reserved 1048576K
}
Event: 219.645 GC heap before
{Heap before GC invocations=80 (full 0):
 garbage-first heap   total 477184K, used 395975K [0x0000000703400000, 0x0000000800000000)
  region size 2048K, 64 young (131072K), 6 survivors (12288K)
 Metaspace       used 93376K, committed 94464K, reserved 1138688K
  class space    used 10601K, committed 11136K, reserved 1048576K
}
Event: 219.658 GC heap after
{Heap after GC invocations=81 (full 0):
 garbage-first heap   total 477184K, used 280396K [0x0000000703400000, 0x0000000800000000)
  region size 2048K, 2 young (4096K), 2 survivors (4096K)
 Metaspace       used 93376K, committed 94464K, reserved 1138688K
  class space    used 10601K, committed 11136K, reserved 1048576K
}
Event: 224.382 GC heap before
{Heap before GC invocations=81 (full 0):
 garbage-first heap   total 477184K, used 401228K [0x0000000703400000, 0x0000000800000000)
  region size 2048K, 61 young (124928K), 2 survivors (4096K)
 Metaspace       used 95008K, committed 96064K, reserved 1138688K
  class space    used 10785K, committed 11328K, reserved 1048576K
}
Event: 224.391 GC heap after
{Heap after GC invocations=82 (full 0):
 garbage-first heap   total 477184K, used 292597K [0x0000000703400000, 0x0000000800000000)
  region size 2048K, 7 young (14336K), 7 survivors (14336K)
 Metaspace       used 95008K, committed 96064K, reserved 1138688K
  class space    used 10785K, committed 11328K, reserved 1048576K
}
Event: 224.429 GC heap before
{Heap before GC invocations=82 (full 0):
 garbage-first heap   total 477184K, used 394997K [0x0000000703400000, 0x0000000800000000)
  region size 2048K, 58 young (118784K), 7 survivors (14336K)
 Metaspace       used 95008K, committed 96064K, reserved 1138688K
  class space    used 10785K, committed 11328K, reserved 1048576K
}
Event: 224.436 GC heap after
{Heap after GC invocations=83 (full 0):
 garbage-first heap   total 477184K, used 292851K [0x0000000703400000, 0x0000000800000000)
  region size 2048K, 1 young (2048K), 1 survivors (2048K)
 Metaspace       used 95008K, committed 96064K, reserved 1138688K
  class space    used 10785K, committed 11328K, reserved 1048576K
}
Event: 228.544 GC heap before
{Heap before GC invocations=83 (full 0):
 garbage-first heap   total 477184K, used 319475K [0x0000000703400000, 0x0000000800000000)
  region size 2048K, 16 young (32768K), 1 survivors (2048K)
 Metaspace       used 95177K, committed 96256K, reserved 1138688K
  class space    used 10799K, committed 11328K, reserved 1048576K
}
Event: 228.548 GC heap after
{Heap after GC invocations=84 (full 0):
 garbage-first heap   total 477184K, used 293856K [0x0000000703400000, 0x0000000800000000)
  region size 2048K, 1 young (2048K), 1 survivors (2048K)
 Metaspace       used 95177K, committed 96256K, reserved 1138688K
  class space    used 10799K, committed 11328K, reserved 1048576K
}
Event: 231.867 GC heap before
{Heap before GC invocations=85 (full 0):
 garbage-first heap   total 505856K, used 398304K [0x0000000703400000, 0x0000000800000000)
  region size 2048K, 55 young (112640K), 1 survivors (2048K)
 Metaspace       used 56695K, committed 61056K, reserved 1138688K
  class space    used 6506K, committed 7680K, reserved 1048576K
}
Event: 231.878 GC heap after
{Heap after GC invocations=86 (full 0):
 garbage-first heap   total 505856K, used 299967K [0x0000000703400000, 0x0000000800000000)
  region size 2048K, 6 young (12288K), 6 survivors (12288K)
 Metaspace       used 56695K, committed 61056K, reserved 1138688K
  class space    used 6506K, committed 7680K, reserved 1048576K
}
Event: 231.881 GC heap before
{Heap before GC invocations=86 (full 0):
 garbage-first heap   total 505856K, used 310207K [0x0000000703400000, 0x0000000800000000)
  region size 2048K, 12 young (24576K), 6 survivors (12288K)
 Metaspace       used 56695K, committed 61056K, reserved 1138688K
  class space    used 6506K, committed 7680K, reserved 1048576K
}
Event: 231.890 GC heap after
{Heap after GC invocations=87 (full 0):
 garbage-first heap   total 505856K, used 240570K [0x0000000703400000, 0x0000000800000000)
  region size 2048K, 1 young (2048K), 1 survivors (2048K)
 Metaspace       used 56695K, committed 61056K, reserved 1138688K
  class space    used 6506K, committed 7680K, reserved 1048576K
}
Event: 231.899 GC heap before
{Heap before GC invocations=87 (full 0):
 garbage-first heap   total 505856K, used 261050K [0x0000000703400000, 0x0000000800000000)
  region size 2048K, 12 young (24576K), 1 survivors (2048K)
 Metaspace       used 56695K, committed 61056K, reserved 1138688K
  class space    used 6506K, committed 7680K, reserved 1048576K
}
Event: 231.905 GC heap after
{Heap after GC invocations=88 (full 0):
 garbage-first heap   total 505856K, used 184761K [0x0000000703400000, 0x0000000800000000)
  region size 2048K, 1 young (2048K), 1 survivors (2048K)
 Metaspace       used 56695K, committed 61056K, reserved 1138688K
  class space    used 6506K, committed 7680K, reserved 1048576K
}
Event: 231.916 GC heap before
{Heap before GC invocations=88 (full 0):
 garbage-first heap   total 505856K, used 205241K [0x0000000703400000, 0x0000000800000000)
  region size 2048K, 12 young (24576K), 1 survivors (2048K)
 Metaspace       used 56695K, committed 61056K, reserved 1138688K
  class space    used 6506K, committed 7680K, reserved 1048576K
}
Event: 231.926 GC heap after
{Heap after GC invocations=89 (full 0):
 garbage-first heap   total 505856K, used 136098K [0x0000000703400000, 0x0000000800000000)
  region size 2048K, 1 young (2048K), 1 survivors (2048K)
 Metaspace       used 56695K, committed 61056K, reserved 1138688K
  class space    used 6506K, committed 7680K, reserved 1048576K
}
Event: 233.809 GC heap before
{Heap before GC invocations=89 (full 0):
 garbage-first heap   total 505856K, used 156578K [0x0000000703400000, 0x0000000800000000)
  region size 2048K, 12 young (24576K), 1 survivors (2048K)
 Metaspace       used 56851K, committed 61056K, reserved 1138688K
  class space    used 6520K, committed 7680K, reserved 1048576K
}

