# JRE version: Java(TM) SE Runtime Environment (17.0.1+12) (build 17.0.1+12-LTS-39)
# Java VM: Java HotSpot(TM) 64-Bit Server VM (17.0.1+12-LTS-39, mixed mode, sharing, tiered, compressed oops, compressed class ptrs, g1 gc, windows-amd64)
GC Precious Log:
 CPUs: 12 total, 12 available
 Memory: 16175M
 Large Page Support: Disabled
 NUMA Support: Disabled
 Compressed Oops: Enabled (Zero based)
 Heap Region Size: 2M
 Heap Min Capacity: 8M
 Heap Initial Capacity: 254M
 Heap Max Capacity: 4044M
 Pre-touch: Disabled
 Parallel Workers: 10
 Concurrent Workers: 3
 Concurrent Refinement Workers: 10
 Periodic GC: Disabled
Heap:
 garbage-first heap   total 602112K, used 164900K [0x0000000703400000, 0x0000000800000000)
  region size 2048K, 4 young (8192K), 4 survivors (8192K)
 Metaspace       used 67537K, committed 70784K, reserved 1130496K
  class space    used 7935K, committed 9024K, reserved 1048576K
GC Heap History (20 events):
Event: 42.139 GC heap after
{Heap after GC invocations=57 (full 0):
 garbage-first heap   total 430080K, used 199957K [0x0000000703400000, 0x0000000800000000)
  region size 2048K, 4 young (8192K), 4 survivors (8192K)
 Metaspace       used 77605K, committed 78720K, reserved 1122304K
  class space    used 8938K, committed 9472K, reserved 1048576K
}
Event: 43.197 GC heap before
{Heap before GC invocations=57 (full 0):
 garbage-first heap   total 430080K, used 359701K [0x0000000703400000, 0x0000000800000000)
  region size 2048K, 82 young (167936K), 4 survivors (8192K)
 Metaspace       used 78197K, committed 79296K, reserved 1122304K
  class space    used 8979K, committed 9536K, reserved 1048576K
}
Event: 43.204 GC heap after
{Heap after GC invocations=58 (full 0):
 garbage-first heap   total 430080K, used 206029K [0x0000000703400000, 0x0000000800000000)
  region size 2048K, 6 young (12288K), 6 survivors (12288K)
 Metaspace       used 78197K, committed 79296K, reserved 1122304K
  class space    used 8979K, committed 9536K, reserved 1048576K
}
Event: 43.750 GC heap before
{Heap before GC invocations=58 (full 0):
 garbage-first heap   total 430080K, used 357581K [0x0000000703400000, 0x0000000800000000)
  region size 2048K, 81 young (165888K), 6 survivors (12288K)
 Metaspace       used 79647K, committed 80704K, reserved 1122304K
  class space    used 9149K, committed 9664K, reserved 1048576K
}
Event: 43.757 GC heap after
{Heap after GC invocations=59 (full 0):
 garbage-first heap   total 430080K, used 213297K [0x0000000703400000, 0x0000000800000000)
  region size 2048K, 10 young (20480K), 10 survivors (20480K)
 Metaspace       used 79647K, committed 80704K, reserved 1122304K
  class space    used 9149K, committed 9664K, reserved 1048576K
}
Event: 44.533 GC heap before
{Heap before GC invocations=59 (full 0):
 garbage-first heap   total 430080K, used 360753K [0x0000000703400000, 0x0000000800000000)
  region size 2048K, 82 young (167936K), 10 survivors (20480K)
 Metaspace       used 81266K, committed 82432K, reserved 1122304K
  class space    used 9335K, committed 9920K, reserved 1048576K
}
Event: 44.540 GC heap after
{Heap after GC invocations=60 (full 0):
 garbage-first heap   total 430080K, used 216476K [0x0000000703400000, 0x0000000800000000)
  region size 2048K, 7 young (14336K), 7 survivors (14336K)
 Metaspace       used 81266K, committed 82432K, reserved 1122304K
  class space    used 9335K, committed 9920K, reserved 1048576K
}
Event: 45.141 GC heap before
{Heap before GC invocations=60 (full 0):
 garbage-first heap   total 430080K, used 357788K [0x0000000703400000, 0x0000000800000000)
  region size 2048K, 76 young (155648K), 7 survivors (14336K)
 Metaspace       used 81463K, committed 82560K, reserved 1122304K
  class space    used 9349K, committed 9920K, reserved 1048576K
}
Event: 45.146 GC heap after
{Heap after GC invocations=61 (full 0):
 garbage-first heap   total 430080K, used 221564K [0x0000000703400000, 0x0000000800000000)
  region size 2048K, 7 young (14336K), 7 survivors (14336K)
 Metaspace       used 81463K, committed 82560K, reserved 1122304K
  class space    used 9349K, committed 9920K, reserved 1048576K
}
Event: 46.035 GC heap before
{Heap before GC invocations=61 (full 0):
 garbage-first heap   total 430080K, used 309628K [0x0000000703400000, 0x0000000800000000)
  region size 2048K, 51 young (104448K), 7 survivors (14336K)
 Metaspace       used 88050K, committed 89216K, reserved 1130496K
  class space    used 10237K, committed 10816K, reserved 1048576K
}
Event: 46.043 GC heap after
{Heap after GC invocations=62 (full 0):
 garbage-first heap   total 430080K, used 227915K [0x0000000703400000, 0x0000000800000000)
  region size 2048K, 4 young (8192K), 4 survivors (8192K)
 Metaspace       used 88050K, committed 89216K, reserved 1130496K
  class space    used 10237K, committed 10816K, reserved 1048576K
}
Event: 46.163 GC heap before
{Heap before GC invocations=62 (full 0):
 garbage-first heap   total 546816K, used 348747K [0x0000000703400000, 0x0000000800000000)
  region size 2048K, 65 young (133120K), 4 survivors (8192K)
 Metaspace       used 65657K, committed 70784K, reserved 1130496K
  class space    used 7726K, committed 9024K, reserved 1048576K
}
Event: 46.167 GC heap after
{Heap after GC invocations=63 (full 0):
 garbage-first heap   total 546816K, used 225714K [0x0000000703400000, 0x0000000800000000)
  region size 2048K, 4 young (8192K), 4 survivors (8192K)
 Metaspace       used 65657K, committed 70784K, reserved 1130496K
  class space    used 7726K, committed 9024K, reserved 1048576K
}
Event: 46.836 GC heap before
{Heap before GC invocations=64 (full 0):
 garbage-first heap   total 546816K, used 434610K [0x0000000703400000, 0x0000000800000000)
  region size 2048K, 106 young (217088K), 4 survivors (8192K)
 Metaspace       used 65888K, committed 70784K, reserved 1130496K
  class space    used 7742K, committed 9024K, reserved 1048576K
}
Event: 46.840 GC heap after
{Heap after GC invocations=65 (full 0):
 garbage-first heap   total 546816K, used 228478K [0x0000000703400000, 0x0000000800000000)
  region size 2048K, 4 young (8192K), 4 survivors (8192K)
 Metaspace       used 65888K, committed 70784K, reserved 1130496K
  class space    used 7742K, committed 9024K, reserved 1048576K
}
Event: 46.957 GC heap before
{Heap before GC invocations=65 (full 0):
 garbage-first heap   total 546816K, used 244862K [0x0000000703400000, 0x0000000800000000)
  region size 2048K, 13 young (26624K), 4 survivors (8192K)
 Metaspace       used 65896K, committed 70784K, reserved 1130496K
  class space    used 7742K, committed 9024K, reserved 1048576K
}
Event: 46.965 GC heap after
{Heap after GC invocations=66 (full 0):
 garbage-first heap   total 546816K, used 181254K [0x0000000703400000, 0x0000000800000000)
  region size 2048K, 2 young (4096K), 2 survivors (4096K)
 Metaspace       used 65896K, committed 70784K, reserved 1130496K
  class space    used 7742K, committed 9024K, reserved 1048576K
}
Event: 46.972 GC heap before
{Heap before GC invocations=66 (full 0):
 garbage-first heap   total 546816K, used 201734K [0x0000000703400000, 0x0000000800000000)
  region size 2048K, 13 young (26624K), 2 survivors (4096K)
 Metaspace       used 65896K, committed 70784K, reserved 1130496K
  class space    used 7742K, committed 9024K, reserved 1048576K
}
Event: 46.978 GC heap after
{Heap after GC invocations=67 (full 0):
 garbage-first heap   total 546816K, used 158800K [0x0000000703400000, 0x0000000800000000)
  region size 2048K, 1 young (2048K), 1 survivors (2048K)
 Metaspace       used 65896K, committed 70784K, reserved 1130496K
  class space    used 7742K, committed 9024K, reserved 1048576K
}
Event: 47.571 GC heap before
{Heap before GC invocations=67 (full 0):
 garbage-first heap   total 546816K, used 418896K [0x0000000703400000, 0x0000000800000000)
  region size 2048K, 129 young (264192K), 1 survivors (2048K)
 Metaspace       used 67537K, committed 70784K, reserved 1130496K
  class space    used 7935K, committed 9024K, reserved 1048576K
}

