# JRE version: Java(TM) SE Runtime Environment (17.0.1+12) (build 17.0.1+12-LTS-39)
# Java VM: Java HotSpot(TM) 64-Bit Server VM (17.0.1+12-LTS-39, mixed mode, sharing, tiered, compressed oops, compressed class ptrs, g1 gc, windows-amd64)
GC Precious Log:
 CPUs: 12 total, 12 available
 Memory: 16175M
 Large Page Support: Disabled
 NUMA Support: Disabled
 Compressed Oops: Enabled (Zero based)
 Heap Region Size: 2M
 Heap Min Capacity: 8M
 Heap Initial Capacity: 254M
 Heap Max Capacity: 4044M
 Pre-touch: Disabled
 Parallel Workers: 10
 Concurrent Workers: 3
 Concurrent Refinement Workers: 10
 Periodic GC: Disabled
Heap:
 garbage-first heap   total 260096K, used 35489K [0x0000000703400000, 0x0000000800000000)
  region size 2048K, 17 young (34816K), 8 survivors (16384K)
 Metaspace       used 21063K, committed 21376K, reserved 1073152K
  class space    used 2552K, committed 2688K, reserved 1048576K
GC Heap History (6 events):
Event: 1.378 GC heap before
{Heap before GC invocations=0 (full 0):
 garbage-first heap   total 260096K, used 22528K [0x0000000703400000, 0x0000000800000000)
  region size 2048K, 11 young (22528K), 0 survivors (0K)
 Metaspace       used 5400K, committed 5632K, reserved 1056768K
  class space    used 651K, committed 768K, reserved 1048576K
}
Event: 1.384 GC heap after
{Heap after GC invocations=1 (full 0):
 garbage-first heap   total 260096K, used 3893K [0x0000000703400000, 0x0000000800000000)
  region size 2048K, 2 young (4096K), 2 survivors (4096K)
 Metaspace       used 5400K, committed 5632K, reserved 1056768K
  class space    used 651K, committed 768K, reserved 1048576K
}
Event: 2.476 GC heap before
{Heap before GC invocations=1 (full 0):
 garbage-first heap   total 260096K, used 34613K [0x0000000703400000, 0x0000000800000000)
  region size 2048K, 17 young (34816K), 2 survivors (4096K)
 Metaspace       used 9297K, committed 9472K, reserved 1064960K
  class space    used 1132K, committed 1216K, reserved 1048576K
}
Event: 2.481 GC heap after
{Heap after GC invocations=2 (full 0):
 garbage-first heap   total 260096K, used 5199K [0x0000000703400000, 0x0000000800000000)
  region size 2048K, 1 young (2048K), 1 survivors (2048K)
 Metaspace       used 9297K, committed 9472K, reserved 1064960K
  class space    used 1132K, committed 1216K, reserved 1048576K
}
Event: 7.150 GC heap before
{Heap before GC invocations=2 (full 0):
 garbage-first heap   total 260096K, used 158799K [0x0000000703400000, 0x0000000800000000)
  region size 2048K, 76 young (155648K), 1 survivors (2048K)
 Metaspace       used 16408K, committed 16576K, reserved 1064960K
  class space    used 1898K, committed 1984K, reserved 1048576K
}
Event: 7.163 GC heap after
{Heap after GC invocations=3 (full 0):
 garbage-first heap   total 260096K, used 19105K [0x0000000703400000, 0x0000000800000000)
  region size 2048K, 8 young (16384K), 8 survivors (16384K)
 Metaspace       used 16408K, committed 16576K, reserved 1064960K
  class space    used 1898K, committed 1984K, reserved 1048576K
}

